{"level":"info","message":"Server Listening On Port 8000"}
{"level":"info","message":"Server Listening On Port 8000"}
{"level":"info","message":"Server Listening On Port 8000"}
{"level":"info","message":"Server Listening On Port 8000"}
{"level":"info","message":"Server Listening On Port 8000"}
{"level":"info","message":"Server Listening On Port 8000"}
{"level":"error","message":"User does not exist!"}
{"level":"info","message":"Server Listening On Port 8000"}
{"level":"info","message":"Server Listening On Port 8000"}
{"level":"error","message":"User does not exist!null"}
{"level":"info","message":"Server Listening On Port 8000"}
{"level":"info","message":"Server Listening On Port 8000"}
{"level":"info","message":"User successful!{\n  createdEvents: [ 65673ba5fcd858221715c7e7, 6582a4d3df7201e3e5a36cd5 ],\n  _id: 655f225792886f03f1ad32c5,\n  email: 'chetana123@gmail.com',\n  password: '$2a$12$s0bmnTAxfl9Mw9yvVVdV9.hoqAxqVdAM8NGrtvtqAxRE2U5aInO6C',\n  __v: 2\n}"}
{"level":"info","message":"Server Listening On Port 8000"}
{"level":"info","message":"User successful!chetana123@gmail.com"}
{"level":"info","message":"Server Listening On Port 8000"}
{"level":"info","message":"Server Listening On Port 8000"}
{"level":"info","message":"Server Listening On Port 8000"}
{"level":"info","message":"Server Listening On Port 8000"}
{"level":"info","message":"Server Listening On Port 8000"}
{"level":"info","message":"Server Listening On Port 8000"}
{"level":"info","message":"Server Listening On Port 8000"}
{"level":"info","message":"Server Listening On Port 8000"}
{"level":"info","message":"Server Listening On Port 8000"}
{"level":"info","message":"Server Listening On Port 8000"}
{"level":"info","message":"Server Listening On Port 8000"}
{"level":"info","message":"Server Listening On Port 8000"}
{"level":"info","message":"Server Listening On Port 8000"}
{"level":"info","message":"Server Listening On Port 8000"}
{"level":"info","message":"Server Listening On Port 8000"}
{"level":"info","message":"Server Listening On Port 8000"}
{"level":"info","message":"Server Listening On Port 8000"}
{"level":"info","message":"Server Listening On Port 8000"}
{"level":"info","message":"Server Listening On Port 8000"}
{"level":"info","message":"Server Listening On Port 8000"}
{"level":"info","message":"Server Listening On Port 8000"}
{"level":"info","message":"Server Listening On Port 8000"}
{"level":"info","message":"Server Listening On Port 8000"}
{"level":"info","message":"Server Listening On Port 8000"}
{"level":"error","message":"Error User exists already.","stack":"Error: User exists already.\n    at Object.createUser (/Users/chetana.jain/workspace/yt-graphql-react-event-booking-api/graphql/resolvers/auth.js:11:15)\n    at process.processTicksAndRejections (node:internal/process/task_queues:95:5)"}
{"level":"info","message":"User successful!mytest@gmail.com"}
{"level":"info","message":"User successful!mytest@gmail.com"}
{"level":"info","message":"Server Listening On Port 8000"}
{"level":"info","message":"User successful!chetana123@gmail.com"}
{"level":"info","message":"Server Listening On Port 8000"}
{"level":"info","message":"User successful!chetana123@gmail.com"}
{"level":"info","message":"Server Listening On Port 8000"}
{"level":"info","message":"Server Listening On Port 8000"}
{"level":"info","message":"User successful!chetana123@gmail.com"}
{"level":"info","message":"Server Listening On Port 8000"}
{"level":"info","message":"Server Listening On Port 8000"}
{"level":"info","message":"Server Listening On Port 8000"}
{"level":"info","message":"Server Listening On Port 8000"}
{"level":"info","message":"Server Listening On Port 8000"}
{"level":"info","message":"Server Listening On Port 8000"}
{"level":"info","message":"Server Listening On Port 8000"}
{"level":"info","message":"Server Listening On Port 8000"}
{"level":"info","message":"Server Listening On Port 8000"}
{"level":"info","message":"Server Listening On Port 8000"}
{"level":"info","message":"User successful!chetana123@gmail.com"}
{"level":"info","message":"Server Listening On Port 8000"}
{"level":"info","message":"Server Listening On Port 8000"}
{"level":"info","message":"Server Listening On Port 8000"}
{"level":"info","message":"User successful!chetana123@gmail.com"}
{"level":"info","message":"Server Listening On Port 8000"}
{"level":"info","message":"Server Listening On Port 8000"}
{"level":"info","message":"Server Listening On Port 8000"}
{"level":"info","message":"Server Listening On Port 8000"}
{"level":"info","message":"User successful!chetana123@gmail.com"}
{"level":"info","message":"Server Listening On Port 8000"}
{"level":"info","message":"Server Listening On Port 8000"}
{"level":"info","message":"Server Listening On Port 8000"}
{"level":"info","message":"Server Listening On Port 8000"}
{"level":"info","message":"Server Listening On Port 8000"}
{"level":"info","message":"Server Listening On Port 8000"}
{"level":"info","message":"Server Listening On Port 8000"}
{"level":"info","message":"Server Listening On Port 8000"}
{"level":"info","message":"Server Listening On Port 8000"}
{"level":"info","message":"Server Listening On Port 8000"}
{"level":"info","message":"Server Listening On Port 8000"}
{"level":"info","message":"Server Listening On Port 8000"}
{"level":"info","message":"Server Listening On Port 8000"}
{"level":"info","message":"Server Listening On Port 8000"}
{"level":"info","message":"Server Listening On Port 8000"}
{"level":"info","message":"Server Listening On Port 8000"}
{"level":"info","message":"Server Listening On Port 8000"}
{"level":"info","message":"Server Listening On Port 8000"}
{"level":"info","message":"Server Listening On Port 8000"}
{"level":"info","message":"Server Listening On Port 8000"}
{"level":"info","message":"User successful!chetana123@gmail.com"}
{"level":"info","message":"Server Listening On Port 8000"}
{"level":"info","message":"Server Listening On Port 8000"}
{"level":"info","message":"User successful!chetana123@gmail.com"}
{"level":"info","message":"Server Listening On Port 8000"}
{"level":"info","message":"Server Listening On Port 8000"}
{"level":"info","message":"Server Listening On Port 8000"}
{"level":"info","message":"Server Listening On Port 8000"}
{"level":"info","message":"Server Listening On Port 8000"}
{"level":"info","message":"Server Listening On Port 8000"}
{"level":"info","message":"Server Listening On Port 8000"}
{"level":"info","message":"Server Listening On Port 8000"}
{"level":"info","message":"Server Listening On Port 8000"}
{"level":"info","message":"Server Listening On Port 8000"}
{"level":"info","message":"Server Listening On Port 8000"}
{"level":"info","message":"Server Listening On Port 8000"}
{"level":"info","message":"Server Listening On Port 8000"}
{"level":"info","message":"Server Listening On Port 8000"}
{"level":"info","message":"Server Listening On Port 8000"}
{"level":"info","message":"Server Listening On Port 8000"}
{"level":"info","message":"Server Listening On Port 8000"}
{"level":"info","message":"User successful!chetana123@gmail.com"}
{"level":"info","message":"Server Listening On Port 8000"}
{"level":"info","message":"Server Listening On Port 8000"}
{"level":"info","message":"User successful!chetana123@gmail.com"}
{"level":"info","message":"Server Listening On Port 8000"}
{"level":"info","message":"Server Listening On Port 8000"}
{"level":"info","message":"Server Listening On Port 8000"}
{"level":"info","message":"Server Listening On Port 8000"}
{"level":"info","message":"Server Listening On Port 8000"}
{"level":"info","message":"Server Listening On Port 8000"}
{"level":"info","message":"User successful!chetana123@gmail.com"}
{"level":"info","message":"Server Listening On Port 8000"}
{"level":"info","message":"Server Listening On Port 8000"}
{"level":"info","message":"Server Listening On Port 8000"}
{"level":"info","message":"Server Listening On Port 8000"}
{"level":"info","message":"Server Listening On Port 8000"}
{"level":"info","message":"Server Listening On Port 8000"}
{"level":"info","message":"Server Listening On Port 8000"}
{"level":"info","message":"Server Listening On Port 8000"}
{"level":"info","message":"Server Listening On Port 8000"}
{"level":"info","message":"Server Listening On Port 8000"}
{"level":"info","message":"Server Listening On Port 8000"}
{"level":"info","message":"Server Listening On Port 8000"}
{"level":"info","message":"Server Listening On Port 8000"}
{"level":"info","message":"Server Listening On Port 8000"}
{"level":"info","message":"Server Listening On Port 8000"}
{"level":"info","message":"Server Listening On Port 8000"}
{"level":"info","message":"Server Listening On Port 8000"}
{"level":"info","message":"Server Listening On Port 8000"}
{"level":"info","message":"Server Listening On Port 8000"}
{"level":"info","message":"Server Listening On Port 8000"}
{"level":"info","message":"Server Listening On Port 8000"}
{"level":"info","message":"Server Listening On Port 8000"}
{"level":"info","message":"Server Listening On Port 8000"}
{"level":"info","message":"Server Listening On Port 8000"}
{"level":"info","message":"Server Listening On Port 8000"}
{"level":"info","message":"Server Listening On Port 8000"}
{"level":"info","message":"Server Listening On Port 8000"}
{"level":"info","message":"Server Listening On Port 8000"}
{"level":"info","message":"Server Listening On Port 8000"}
{"level":"info","message":"Server Listening On Port 8000"}
{"level":"info","message":"Server Listening On Port 8000"}
{"level":"info","message":"User successful!chetana123@gmail.com"}
{"level":"info","message":"Server Listening On Port 8000"}
{"level":"info","message":"Server Listening On Port 8000"}
{"level":"info","message":"Server Listening On Port 8000"}
{"level":"info","message":"Server Listening On Port 8000"}
{"date":"Wed Jan 03 2024 14:41:36 GMT+0530 (India Standard Time)","error":{"address":"::","code":"EADDRINUSE","errno":-48,"port":8000,"syscall":"listen"},"exception":true,"level":"error","message":"uncaughtException: listen EADDRINUSE: address already in use :::8000\nError: listen EADDRINUSE: address already in use :::8000\n    at Server.setupListenHandle [as _listen2] (node:net:1872:16)\n    at listenInCluster (node:net:1920:12)\n    at Server.listen (node:net:2008:7)\n    at Function.listen (/Users/chetana.jain/workspace/graphql-react-event-booking/node_modules/express/lib/application.js:618:24)\n    at /Users/chetana.jain/workspace/graphql-react-event-booking/app.js:44:9\n    at process.processTicksAndRejections (node:internal/process/task_queues:95:5)","os":{"loadavg":[3.47998046875,3.5078125,3.85986328125],"uptime":14380},"process":{"argv":["/Users/chetana.jain/.nvm/versions/node/v20.5.1/bin/node","/Users/chetana.jain/workspace/graphql-react-event-booking/app.js"],"cwd":"/Users/chetana.jain/workspace/graphql-react-event-booking","execPath":"/Users/chetana.jain/.nvm/versions/node/v20.5.1/bin/node","gid":764679190,"memoryUsage":{"arrayBuffers":18279863,"external":20492246,"heapTotal":55234560,"heapUsed":22039432,"rss":76496896},"pid":20734,"uid":895748511,"version":"v20.5.1"},"stack":"Error: listen EADDRINUSE: address already in use :::8000\n    at Server.setupListenHandle [as _listen2] (node:net:1872:16)\n    at listenInCluster (node:net:1920:12)\n    at Server.listen (node:net:2008:7)\n    at Function.listen (/Users/chetana.jain/workspace/graphql-react-event-booking/node_modules/express/lib/application.js:618:24)\n    at /Users/chetana.jain/workspace/graphql-react-event-booking/app.js:44:9\n    at process.processTicksAndRejections (node:internal/process/task_queues:95:5)","trace":[{"column":16,"file":"node:net","function":"Server.setupListenHandle [as _listen2]","line":1872,"method":"setupListenHandle [as _listen2]","native":false},{"column":12,"file":"node:net","function":"listenInCluster","line":1920,"method":null,"native":false},{"column":7,"file":"node:net","function":"Server.listen","line":2008,"method":"listen","native":false},{"column":24,"file":"/Users/chetana.jain/workspace/graphql-react-event-booking/node_modules/express/lib/application.js","function":"Function.listen","line":618,"method":"listen","native":false},{"column":9,"file":"/Users/chetana.jain/workspace/graphql-react-event-booking/app.js","function":null,"line":44,"method":null,"native":false},{"column":5,"file":"node:internal/process/task_queues","function":"process.processTicksAndRejections","line":95,"method":"processTicksAndRejections","native":false}]}
{"level":"info","message":"Server Listening On Port 8000"}
{"level":"info","message":"Server Listening On Port 8000"}
{"level":"info","message":"Server Listening On Port 8000"}
